# JRE version: OpenJDK Runtime Environment Temurin-23.0.1+11 (23.0.1+11) (build 23.0.1+11)
# Java VM: OpenJDK 64-Bit Server VM Temurin-23.0.1+11 (23.0.1+11, mixed mode, sharing, tiered, compressed oops, compressed class ptrs, g1 gc, windows-amd64)
GC Precious Log:
 CardTable entry size: 512
 Card Set container configuration: InlinePtr #cards 5 size 8 Array Of Cards #cards 10 size 36 Howl #buckets 4 coarsen threshold 1843 Howl Bitmap #cards 512 size 80 coarsen threshold 460 Card regions per heap region 1 cards per card region 2048
 CPUs: 2 total, 2 available
 Memory: 5957M
 Large Page Support: Disabled
 NUMA Support: Disabled
 Compressed Oops: Enabled (32-bit)
 Heap Region Size: 1M
 Heap Min Capacity: 8M
 Heap Initial Capacity: 94M
 Heap Max Capacity: 1490M
 Pre-touch: Disabled
 Parallel Workers: 2
 Concurrent Workers: 1
 Concurrent Refinement Workers: 2
 Periodic GC: Disabled
Heap:
 garbage-first heap   total reserved 1525760K, committed 104448K, used 69870K [0x00000000a2e00000, 0x0000000100000000)
  region size 1024K, 7 young (7168K), 2 survivors (2048K)
 Metaspace       used 8651K, committed 8896K, reserved 1114112K
  class space    used 914K, committed 1024K, reserved 1048576K
GC Heap History (12 events):
Event: 0.867 GC heap before
{Heap before GC invocations=0 (full 0):
 garbage-first heap   total reserved 1525760K, committed 96256K, used 11264K [0x00000000a2e00000, 0x0000000100000000)
  region size 1024K, 7 young (7168K), 0 survivors (0K)
 Metaspace       used 5744K, committed 6016K, reserved 1114112K
  class space    used 634K, committed 768K, reserved 1048576K
}
Event: 0.879 GC heap after
{Heap after GC invocations=1 (full 0):
 garbage-first heap   total reserved 1525760K, committed 96256K, used 5760K [0x00000000a2e00000, 0x0000000100000000)
  region size 1024K, 1 young (1024K), 1 survivors (1024K)
 Metaspace       used 5744K, committed 6016K, reserved 1114112K
  class space    used 634K, committed 768K, reserved 1048576K
}
Event: 1.103 GC heap before
{Heap before GC invocations=1 (full 0):
 garbage-first heap   total reserved 1525760K, committed 96256K, used 16000K [0x00000000a2e00000, 0x0000000100000000)
  region size 1024K, 7 young (7168K), 1 survivors (1024K)
 Metaspace       used 6622K, committed 6848K, reserved 1114112K
  class space    used 719K, committed 832K, reserved 1048576K
}
Event: 1.112 GC heap after
{Heap after GC invocations=2 (full 0):
 garbage-first heap   total reserved 1525760K, committed 96256K, used 10418K [0x00000000a2e00000, 0x0000000100000000)
  region size 1024K, 1 young (1024K), 1 survivors (1024K)
 Metaspace       used 6622K, committed 6848K, reserved 1114112K
  class space    used 719K, committed 832K, reserved 1048576K
}
Event: 13.286 GC heap before
{Heap before GC invocations=2 (full 0):
 garbage-first heap   total reserved 1525760K, committed 96256K, used 56498K [0x00000000a2e00000, 0x0000000100000000)
  region size 1024K, 17 young (17408K), 1 survivors (1024K)
 Metaspace       used 7795K, committed 8000K, reserved 1114112K
  class space    used 860K, committed 960K, reserved 1048576K
}
Event: 13.290 GC heap after
{Heap after GC invocations=3 (full 0):
 garbage-first heap   total reserved 1525760K, committed 96256K, used 42245K [0x00000000a2e00000, 0x0000000100000000)
  region size 1024K, 2 young (2048K), 2 survivors (2048K)
 Metaspace       used 7795K, committed 8000K, reserved 1114112K
  class space    used 860K, committed 960K, reserved 1048576K
}
Event: 14.129 GC heap before
{Heap before GC invocations=3 (full 0):
 garbage-first heap   total reserved 1525760K, committed 96256K, used 55557K [0x00000000a2e00000, 0x0000000100000000)
  region size 1024K, 14 young (14336K), 2 survivors (2048K)
 Metaspace       used 7847K, committed 8064K, reserved 1114112K
  class space    used 863K, committed 960K, reserved 1048576K
}
Event: 14.132 GC heap after
{Heap after GC invocations=4 (full 0):
 garbage-first heap   total reserved 1525760K, committed 96256K, used 43520K [0x00000000a2e00000, 0x0000000100000000)
  region size 1024K, 2 young (2048K), 2 survivors (2048K)
 Metaspace       used 7847K, committed 8064K, reserved 1114112K
  class space    used 863K, committed 960K, reserved 1048576K
}
Event: 14.158 GC heap before
{Heap before GC invocations=4 (full 0):
 garbage-first heap   total reserved 1525760K, committed 96256K, used 60928K [0x00000000a2e00000, 0x0000000100000000)
  region size 1024K, 3 young (3072K), 2 survivors (2048K)
 Metaspace       used 7848K, committed 8064K, reserved 1114112K
  class space    used 863K, committed 960K, reserved 1048576K
}
Event: 14.160 GC heap after
{Heap after GC invocations=5 (full 0):
 garbage-first heap   total reserved 1525760K, committed 96256K, used 61101K [0x00000000a2e00000, 0x0000000100000000)
  region size 1024K, 2 young (2048K), 2 survivors (2048K)
 Metaspace       used 7848K, committed 8064K, reserved 1114112K
  class space    used 863K, committed 960K, reserved 1048576K
}
Event: 92.133 GC heap before
{Heap before GC invocations=6 (full 0):
 garbage-first heap   total reserved 1525760K, committed 104448K, used 86701K [0x00000000a2e00000, 0x0000000100000000)
  region size 1024K, 24 young (24576K), 2 survivors (2048K)
 Metaspace       used 8640K, committed 8896K, reserved 1114112K
  class space    used 914K, committed 1024K, reserved 1048576K
}
Event: 92.138 GC heap after
{Heap after GC invocations=7 (full 0):
 garbage-first heap   total reserved 1525760K, committed 104448K, used 64750K [0x00000000a2e00000, 0x0000000100000000)
  region size 1024K, 2 young (2048K), 2 survivors (2048K)
 Metaspace       used 8640K, committed 8896K, reserved 1114112K
  class space    used 914K, committed 1024K, reserved 1048576K
}

